C:\DOCUMENTS AND SETTINGS\ADMINISTRADOR\ESCRITORIO\SVN\FRESS\FRESS.EXE
C:\Documents and Settings\Administrador\Escritorio\SVN\Fress\Fress.pdb
C:\DOCUMENTS AND SETTINGS\ADMINISTRADOR\ESCRITORIO\SVN\FRESS\FRESS\GENERATEDFILES\QRC_ABOUT.CPP
C:\DOCUMENTS AND SETTINGS\ADMINISTRADOR\ESCRITORIO\SVN\FRESS\FRESS\GENERATEDFILES\QRC_CALIBRATION.CPP
C:\DOCUMENTS AND SETTINGS\ADMINISTRADOR\ESCRITORIO\SVN\FRESS\FRESS\GENERATEDFILES\QRC_FRESS.CPP
C:\DOCUMENTS AND SETTINGS\ADMINISTRADOR\ESCRITORIO\SVN\FRESS\FRESS\GENERATEDFILES\RELEASE\MOC_ABOUT.CPP
C:\DOCUMENTS AND SETTINGS\ADMINISTRADOR\ESCRITORIO\SVN\FRESS\FRESS\GENERATEDFILES\RELEASE\MOC_CALIBRATION_X.CPP
C:\DOCUMENTS AND SETTINGS\ADMINISTRADOR\ESCRITORIO\SVN\FRESS\FRESS\GENERATEDFILES\RELEASE\MOC_FRESS.CPP
C:\DOCUMENTS AND SETTINGS\ADMINISTRADOR\ESCRITORIO\SVN\FRESS\FRESS\GENERATEDFILES\UI_ABOUT.H
C:\DOCUMENTS AND SETTINGS\ADMINISTRADOR\ESCRITORIO\SVN\FRESS\FRESS\GENERATEDFILES\UI_CALIBRATION_X.H
C:\DOCUMENTS AND SETTINGS\ADMINISTRADOR\ESCRITORIO\SVN\FRESS\FRESS\GENERATEDFILES\UI_FRESS.H
C:\DOCUMENTS AND SETTINGS\ADMINISTRADOR\ESCRITORIO\SVN\FRESS\FRESS\RELEASE\ABOUT.OBJ
C:\DOCUMENTS AND SETTINGS\ADMINISTRADOR\ESCRITORIO\SVN\FRESS\FRESS\RELEASE\CALIBRATION_X.OBJ
C:\Documents and Settings\Administrador\Escritorio\SVN\Fress\Fress\Release\cl.command.1.tlog
C:\Documents and Settings\Administrador\Escritorio\SVN\Fress\Fress\Release\CL.read.1.tlog
C:\Documents and Settings\Administrador\Escritorio\SVN\Fress\Fress\Release\CL.write.1.tlog
C:\Documents and Settings\Administrador\Escritorio\SVN\Fress\Fress\Release\custombuild.command.1.tlog
C:\Documents and Settings\Administrador\Escritorio\SVN\Fress\Fress\Release\custombuild.read.1.tlog
C:\Documents and Settings\Administrador\Escritorio\SVN\Fress\Fress\Release\custombuild.write.1.tlog
C:\DOCUMENTS AND SETTINGS\ADMINISTRADOR\ESCRITORIO\SVN\FRESS\FRESS\RELEASE\FRESS.EXE.INTERMEDIATE.MANIFEST
C:\DOCUMENTS AND SETTINGS\ADMINISTRADOR\ESCRITORIO\SVN\FRESS\FRESS\RELEASE\FRESS.OBJ
C:\DOCUMENTS AND SETTINGS\ADMINISTRADOR\ESCRITORIO\SVN\FRESS\FRESS\RELEASE\FRESS.RES
C:\Documents and Settings\Administrador\Escritorio\SVN\Fress\Fress\Release\link.command.1.tlog
C:\Documents and Settings\Administrador\Escritorio\SVN\Fress\Fress\Release\link.read.1.tlog
C:\Documents and Settings\Administrador\Escritorio\SVN\Fress\Fress\Release\link.write.1.tlog
C:\Documents and Settings\Administrador\Escritorio\SVN\Fress\Fress\Release\link-cvtres.read.1.tlog
C:\Documents and Settings\Administrador\Escritorio\SVN\Fress\Fress\Release\link-cvtres.write.1.tlog
C:\DOCUMENTS AND SETTINGS\ADMINISTRADOR\ESCRITORIO\SVN\FRESS\FRESS\RELEASE\MAIN.OBJ
C:\DOCUMENTS AND SETTINGS\ADMINISTRADOR\ESCRITORIO\SVN\FRESS\FRESS\RELEASE\MOC_ABOUT.OBJ
C:\DOCUMENTS AND SETTINGS\ADMINISTRADOR\ESCRITORIO\SVN\FRESS\FRESS\RELEASE\MOC_CALIBRATION_X.OBJ
C:\DOCUMENTS AND SETTINGS\ADMINISTRADOR\ESCRITORIO\SVN\FRESS\FRESS\RELEASE\MOC_FRESS.OBJ
C:\Documents and Settings\Administrador\Escritorio\SVN\Fress\Fress\Release\mt.command.1.tlog
C:\Documents and Settings\Administrador\Escritorio\SVN\Fress\Fress\Release\mt.read.1.tlog
C:\Documents and Settings\Administrador\Escritorio\SVN\Fress\Fress\Release\mt.write.1.tlog
C:\DOCUMENTS AND SETTINGS\ADMINISTRADOR\ESCRITORIO\SVN\FRESS\FRESS\RELEASE\QRC_ABOUT.OBJ
C:\DOCUMENTS AND SETTINGS\ADMINISTRADOR\ESCRITORIO\SVN\FRESS\FRESS\RELEASE\QRC_CALIBRATION.OBJ
C:\DOCUMENTS AND SETTINGS\ADMINISTRADOR\ESCRITORIO\SVN\FRESS\FRESS\RELEASE\QRC_FRESS.OBJ
C:\Documents and Settings\Administrador\Escritorio\SVN\Fress\Fress\Release\rc.command.1.tlog
C:\Documents and Settings\Administrador\Escritorio\SVN\Fress\Fress\Release\rc.read.1.tlog
C:\Documents and Settings\Administrador\Escritorio\SVN\Fress\Fress\Release\rc.write.1.tlog
