C:\DOCUMENTS AND SETTINGS\ADMINISTRADOR\ESCRITORIO\SVN\FRESS\FRESS.EXE
C:\DOCUMENTS AND SETTINGS\ADMINISTRADOR\ESCRITORIO\SVN\FRESS\FRESS.ILK
C:\DOCUMENTS AND SETTINGS\ADMINISTRADOR\ESCRITORIO\SVN\FRESS\FRESS.PDB
C:\DOCUMENTS AND SETTINGS\ADMINISTRADOR\ESCRITORIO\SVN\FRESS\FRESS\DEBUG\ABOUT.OBJ
C:\Documents and Settings\Administrador\Escritorio\SVN\Fress\Fress\Debug\cl.command.1.tlog
C:\Documents and Settings\Administrador\Escritorio\SVN\Fress\Fress\Debug\CL.read.1.tlog
C:\Documents and Settings\Administrador\Escritorio\SVN\Fress\Fress\Debug\CL.write.1.tlog
C:\Documents and Settings\Administrador\Escritorio\SVN\Fress\Fress\Debug\custombuild.command.1.tlog
C:\Documents and Settings\Administrador\Escritorio\SVN\Fress\Fress\Debug\custombuild.read.1.tlog
C:\Documents and Settings\Administrador\Escritorio\SVN\Fress\Fress\Debug\custombuild.write.1.tlog
C:\Documents and Settings\Administrador\Escritorio\SVN\Fress\Fress\Debug\extras.obj
C:\DOCUMENTS AND SETTINGS\ADMINISTRADOR\ESCRITORIO\SVN\FRESS\FRESS\DEBUG\FRESS.EXE.INTERMEDIATE.MANIFEST
C:\DOCUMENTS AND SETTINGS\ADMINISTRADOR\ESCRITORIO\SVN\FRESS\FRESS\DEBUG\FRESS.OBJ
C:\DOCUMENTS AND SETTINGS\ADMINISTRADOR\ESCRITORIO\SVN\FRESS\FRESS\DEBUG\FRESS.RES
C:\Documents and Settings\Administrador\Escritorio\SVN\Fress\Fress\Debug\link.command.1.tlog
C:\Documents and Settings\Administrador\Escritorio\SVN\Fress\Fress\Debug\link.read.1.tlog
C:\Documents and Settings\Administrador\Escritorio\SVN\Fress\Fress\Debug\link.write.1.tlog
C:\Documents and Settings\Administrador\Escritorio\SVN\Fress\Fress\Debug\link-cvtres.read.1.tlog
C:\Documents and Settings\Administrador\Escritorio\SVN\Fress\Fress\Debug\link-cvtres.write.1.tlog
C:\DOCUMENTS AND SETTINGS\ADMINISTRADOR\ESCRITORIO\SVN\FRESS\FRESS\DEBUG\MAIN.OBJ
C:\DOCUMENTS AND SETTINGS\ADMINISTRADOR\ESCRITORIO\SVN\FRESS\FRESS\DEBUG\MOC_ABOUT.OBJ
C:\DOCUMENTS AND SETTINGS\ADMINISTRADOR\ESCRITORIO\SVN\FRESS\FRESS\DEBUG\MOC_FRESS.OBJ
C:\Documents and Settings\Administrador\Escritorio\SVN\Fress\Fress\Debug\mt.command.1.tlog
C:\Documents and Settings\Administrador\Escritorio\SVN\Fress\Fress\Debug\mt.read.1.tlog
C:\Documents and Settings\Administrador\Escritorio\SVN\Fress\Fress\Debug\mt.write.1.tlog
C:\DOCUMENTS AND SETTINGS\ADMINISTRADOR\ESCRITORIO\SVN\FRESS\FRESS\DEBUG\QRC_ABOUT.OBJ
C:\DOCUMENTS AND SETTINGS\ADMINISTRADOR\ESCRITORIO\SVN\FRESS\FRESS\DEBUG\QRC_FRESS.OBJ
C:\Documents and Settings\Administrador\Escritorio\SVN\Fress\Fress\Debug\rc.command.1.tlog
C:\Documents and Settings\Administrador\Escritorio\SVN\Fress\Fress\Debug\rc.read.1.tlog
C:\Documents and Settings\Administrador\Escritorio\SVN\Fress\Fress\Debug\rc.write.1.tlog
C:\Documents and Settings\Administrador\Escritorio\SVN\Fress\Fress\Debug\serial.obj
C:\Documents and Settings\Administrador\Escritorio\SVN\Fress\Fress\Debug\tserial.obj
C:\Documents and Settings\Administrador\Escritorio\SVN\Fress\Fress\Debug\tserial_event.obj
C:\DOCUMENTS AND SETTINGS\ADMINISTRADOR\ESCRITORIO\SVN\FRESS\FRESS\DEBUG\VC100.PDB
C:\DOCUMENTS AND SETTINGS\ADMINISTRADOR\ESCRITORIO\SVN\FRESS\FRESS\GENERATEDFILES\DEBUG\MOC_ABOUT.CPP
C:\DOCUMENTS AND SETTINGS\ADMINISTRADOR\ESCRITORIO\SVN\FRESS\FRESS\GENERATEDFILES\DEBUG\MOC_FRESS.CPP
C:\DOCUMENTS AND SETTINGS\ADMINISTRADOR\ESCRITORIO\SVN\FRESS\FRESS\GENERATEDFILES\QRC_ABOUT.CPP
C:\DOCUMENTS AND SETTINGS\ADMINISTRADOR\ESCRITORIO\SVN\FRESS\FRESS\GENERATEDFILES\QRC_FRESS.CPP
C:\DOCUMENTS AND SETTINGS\ADMINISTRADOR\ESCRITORIO\SVN\FRESS\FRESS\GENERATEDFILES\UI_ABOUT.H
C:\DOCUMENTS AND SETTINGS\ADMINISTRADOR\ESCRITORIO\SVN\FRESS\FRESS\GENERATEDFILES\UI_CALIBRATION_X.H
C:\DOCUMENTS AND SETTINGS\ADMINISTRADOR\ESCRITORIO\SVN\FRESS\FRESS\GENERATEDFILES\UI_FRESS.H
C:\USERS\ANDRES\DESKTOP\SVN\FRESS\FRESS.EXE
C:\USERS\ANDRES\DESKTOP\SVN\FRESS\FRESS.ILK
C:\USERS\ANDRES\DESKTOP\SVN\FRESS\FRESS.PDB
C:\USERS\ANDRES\DESKTOP\SVN\FRESS\FRESS\DEBUG\ABOUT.OBJ
C:\USERS\ANDRES\DESKTOP\SVN\FRESS\FRESS\DEBUG\FRESS.EXE.INTERMEDIATE.MANIFEST
C:\USERS\ANDRES\DESKTOP\SVN\FRESS\FRESS\DEBUG\FRESS.OBJ
C:\USERS\ANDRES\DESKTOP\SVN\FRESS\FRESS\DEBUG\FRESS.RES
C:\USERS\ANDRES\DESKTOP\SVN\FRESS\FRESS\DEBUG\MAIN.OBJ
C:\USERS\ANDRES\DESKTOP\SVN\FRESS\FRESS\DEBUG\MOC_ABOUT.OBJ
C:\USERS\ANDRES\DESKTOP\SVN\FRESS\FRESS\DEBUG\MOC_FRESS.OBJ
C:\USERS\ANDRES\DESKTOP\SVN\FRESS\FRESS\DEBUG\QRC_ABOUT.OBJ
C:\USERS\ANDRES\DESKTOP\SVN\FRESS\FRESS\DEBUG\QRC_FRESS.OBJ
C:\USERS\ANDRES\DESKTOP\SVN\FRESS\FRESS\DEBUG\TSERIAL.OBJ
C:\USERS\ANDRES\DESKTOP\SVN\FRESS\FRESS\DEBUG\VC100.PDB
C:\USERS\ANDRES\DESKTOP\SVN\FRESS\FRESS\GENERATEDFILES\DEBUG\MOC_ABOUT.CPP
C:\USERS\ANDRES\DESKTOP\SVN\FRESS\FRESS\GENERATEDFILES\DEBUG\MOC_FRESS.CPP
C:\USERS\ANDRES\DESKTOP\SVN\FRESS\FRESS\GENERATEDFILES\QRC_ABOUT.CPP
C:\USERS\ANDRES\DESKTOP\SVN\FRESS\FRESS\GENERATEDFILES\QRC_FRESS.CPP
C:\USERS\ANDRES\DESKTOP\SVN\FRESS\FRESS\GENERATEDFILES\UI_ABOUT.H
C:\USERS\ANDRES\DESKTOP\SVN\FRESS\FRESS\GENERATEDFILES\UI_FRESS.H
C:\USERS\ANDRES\DOCUMENTS\VISUAL STUDIO 2010\PROJECTS\FRESS\FRESS\DEBUG\FRESS.RES
C:\USERS\ANDRES\DOCUMENTS\VISUAL STUDIO 2010\PROJECTS\FRESS\FRESS\GENERATEDFILES\DEBUG\MOC_ABOUT.CPP
C:\USERS\ANDRES\DOCUMENTS\VISUAL STUDIO 2010\PROJECTS\FRESS\FRESS\GENERATEDFILES\DEBUG\MOC_FRESS.CPP
C:\USERS\ANDRES\DOCUMENTS\VISUAL STUDIO 2010\PROJECTS\FRESS\FRESS\GENERATEDFILES\QRC_ABOUT.CPP
C:\USERS\ANDRES\DOCUMENTS\VISUAL STUDIO 2010\PROJECTS\FRESS\FRESS\GENERATEDFILES\QRC_FRESS.CPP
C:\USERS\ANDRES\DOCUMENTS\VISUAL STUDIO 2010\PROJECTS\FRESS\FRESS\GENERATEDFILES\UI_ABOUT.H
C:\USERS\ANDRES\DOCUMENTS\VISUAL STUDIO 2010\PROJECTS\FRESS\FRESS\GENERATEDFILES\UI_FRESS.H
